<?xml version="1.0" encoding="UTF-8"?>
<!-- Generated by org.testng.reporters.JUnitReportReporter -->
<testsuite hostname="DESKTOP-RB30UFV" failures="0" tests="1" name="com.automationtesting.activityTest.AddToCartBookInAutomationTest" time="26.467" errors="0" timestamp="02 Jun 2022 18:52:02 GMT" skipped="0">
  <testcase classname="com.automationtesting.activityTest.AddToCartBookInAutomationTest" name="addToCartBook" time="26.467"/>
</testsuite> <!-- com.automationtesting.activityTest.AddToCartBookInAutomationTest -->
